TN:
SF:src/App.vue
FN:1,(anonymous_6)
FNF:1
FNH:1
FNDA:1,(anonymous_6)
DA:1,6
DA:8,1
DA:9,1
DA:10,1
DA:12,1
DA:14,1
DA:17,2
DA:18,1
LF:8
LH:8
BRF:0
BRH:0
end_of_record
TN:
SF:src/request/index.ts
FN:7,(anonymous_1)
FN:13,(anonymous_2)
FN:21,getSuggestion
FN:37,(anonymous_4)
FN:100,serachByCityCode
FNF:5
FNH:1
FNDA:0,(anonymous_1)
FNDA:0,(anonymous_2)
FNDA:0,getSuggestion
FNDA:1,(anonymous_4)
FNDA:0,serachByCityCode
DA:1,1
DA:3,1
DA:7,1
DA:8,0
DA:9,0
DA:11,0
DA:14,0
DA:21,1
DA:22,0
DA:37,1
DA:38,1
DA:39,1
DA:40,1
DA:41,1
DA:42,1
DA:100,1
DA:101,0
DA:104,1
LF:18
LH:12
BRDA:8,0,0,0
BRDA:8,0,1,0
BRDA:37,1,0,1
BRDA:37,1,1,1
BRF:4
BRH:2
end_of_record
